Running HiGHS 1.13.1 (git hash: 1d267d97c): Copyright (c) 2026 under Apache 2.0 license terms
Using BLAS: blastrampoline-5 
MIP has 20827 rows; 13885 cols; 53397 nonzeros; 4806 integer variables (4806 binary)
Coefficient ranges:
  Matrix  [2e-01, 8e+04]
  Cost    [2e-01, 1e+03]
  Bound   [1e+00, 9e+02]
  RHS     [1e+00, 8e+02]
Presolving model
15484 rows, 12814 cols, 43773 nonzeros  0s
13877 rows, 11211 cols, 42169 nonzeros  0s
Presolve reductions: rows 13877(-6950); columns 11211(-2674); nonzeros 42169(-11228) 

Solving MIP model with:
   13877 rows
   11211 cols (3738 binary, 0 integer, 1066 implied int., 6407 continuous, 0 domain fixed)
   42169 nonzeros

Src: B => Branching; C => Central rounding; F => Feasibility pump; H => Heuristic;
     I => Shifting; J => Feasibility jump; L => Sub-MIP; P => Empty MIP; R => Randomized rounding;
     S => Solve LP; T => Evaluate node; U => Unbounded; X => User solution; Y => HiGHS solution;
     Z => ZI Round; l => Trivial lower; p => Trivial point; u => Trivial upper; z => Trivial zero

        Nodes      |    B&B Tree     |            Objective Bounds              |  Dynamic Constraints |       Work      
Src  Proc. InQueue |  Leaves   Expl. | BestBound       BestSol              Gap |   Cuts   InLp Confl. | LpIters     Time

         0       0         0   0.00%   0               inf                  inf        0      0      0         0     0.3s
         0       0         0   0.00%   1530511.032214  inf                  inf        0      0      2      8072     0.7s
         0       0         0   0.00%   1597991.431585  inf                  inf    14009   4950     42     25822     6.0s
 L       0       0         0   0.00%   1598689.631237  1604683.162694     0.37%    11271   2474     54     27584    10.7s

0.3% inactive integer columns, restarting
Model after restart has 12986 rows, 9873 cols (3291 bin., 0 int., 1066 impl., 5516 cont., 0 dom.fix.), and 40388 nonzeros

         0       0         0   0.00%   1598689.631237  1604683.162694     0.37%      598      0      0     31501    10.9s
         0       0         0   0.00%   1598691.592653  1604683.162694     0.37%      598    179      2     33820    11.0s
 L       0       0         0   0.00%   1599001.41196   1603837.677368     0.30%     4296    284      2     37156    16.9s
 L       0       0         0   0.00%   1599001.41196   1603702.667528     0.29%     4296    170      2     40134    18.7s
       100      99         1   0.00%   1599178.103297  1603702.667528     0.28%     4297    170      4     69923    32.1s
 L     100      98         1   0.00%   1599178.103297  1603588.728289     0.28%     4602    214      4     69948    34.4s
       206     203         2   0.00%   1599178.103297  1603588.728289     0.28%     4611    214    167     99517    45.7s
       282     202         3   0.00%   1599178.103297  1603588.728289     0.28%     4787    236    295    115536    53.5s
       291     205        12   0.00%   1599178.103297  1603588.728289     0.28%     4918    236   1104    127499    58.7s
       296     207        17   0.00%   1599178.103297  1603588.728289     0.28%     5035    236   1857    136667    63.7s
       299     207        20   0.00%   1599178.103297  1603588.728289     0.28%     5127    236   2286    145640    68.9s
 L     305     252        23   0.00%   1599178.103297  1603328.326198     0.26%     5394    255   2993    155103    75.9s
 L     334     269        26   0.00%   1599178.103297  1603169.310824     0.25%     5561    264   3329    163902    80.5s
 L     339     269        26   0.00%   1599178.103297  1603080.01822      0.24%     5708    150   3329    169102    83.5s
       368     280        33   0.00%   1599178.103297  1603080.01822      0.24%     5864    159   3657    180043    88.6s
 L     368     279        33   0.00%   1599178.103297  1603077.655464     0.24%     5622    167   3657    180068    93.1s

        Nodes      |    B&B Tree     |            Objective Bounds              |  Dynamic Constraints |       Work      
Src  Proc. InQueue |  Leaves   Expl. | BestBound       BestSol              Gap |   Cuts   InLp Confl. | LpIters     Time

       431     317        42   0.00%   1599203.629876  1603077.655464     0.24%     6485    322   4116    201146   103.1s
       474     334        50   0.00%   1599203.629876  1603077.655464     0.24%     7026    220   4487    208935   108.2s
       483     339        53   0.00%   1599203.629876  1603077.655464     0.24%     7639    206   4563    218641   113.8s
       549     372        56   0.00%   1599210.458844  1603077.655464     0.24%     9022    204   4832    230429   121.5s
 L     602     380        71   0.00%   1599210.458844  1602978.316011     0.24%     9531    246   5791    233483   127.3s
 L     629     383        82   0.26%   1599210.458844  1602974.495152     0.23%     9704    229   6193    240389   134.0s
       701     410        96   0.38%   1599210.458844  1602974.495152     0.23%     9427    267   6850    253268   139.1s
       707     420        98   0.38%   1599210.458844  1602974.495152     0.23%     9385    275   7006    260596   144.3s
 L     727     397        98   0.38%   1599210.458844  1602861.328871     0.23%     9388    267   7093    270902   151.8s
       746     412        99   0.38%   1599213.36936   1602861.328871     0.23%     9316    315   7187    283761   157.1s
 L     763     324       100   0.47%   1599213.36936   1602324.274314     0.19%     9337    336   7320    284485   161.1s
       813     343       113   0.87%   1599213.36936   1602324.274314     0.19%     7094    436   7989    303676   173.5s
       861     369       120   0.87%   1599214.021623  1602324.274314     0.19%     6859    283   8356    317786   182.3s
       926     386       139   0.87%   1599214.021623  1602324.274314     0.19%     6483    223   9040    322781   187.4s
       947     392       144   0.87%   1599214.021623  1602324.274314     0.19%     6608    255   9607    335449   197.6s
       978     402       151   0.87%   1599214.021623  1602324.274314     0.19%     6510    274   7045    339753   203.1s
       993     414       151   0.87%   1599219.901928  1602324.274314     0.19%     5871    344   7134    349758   219.0s
      1004     417       152   0.87%   1599219.901928  1602324.274314     0.19%     5781    206   7686    360852   230.1s
      1035     420       157   0.87%   1599219.901928  1602324.274314     0.19%     5873    316   7837    364627   236.8s
      1051     441       161   0.87%   1599220.973835  1602324.274314     0.19%     5871    325   8153    371850   243.5s

        Nodes      |    B&B Tree     |            Objective Bounds              |  Dynamic Constraints |       Work      
Src  Proc. InQueue |  Leaves   Expl. | BestBound       BestSol              Gap |   Cuts   InLp Confl. | LpIters     Time

 L    1060     439       163   0.87%   1599220.973835  1602324.274314     0.19%     5674    268   8617    375694   261.8s
      1086     456       165   0.87%   1599220.973835  1602324.274314     0.19%     5698    200   8884    391044   267.1s
 L    1115     463       169   0.87%   1599236.826742  1602313.466129     0.19%     5823    257   9502    393582   272.9s
      1144     475       175   0.89%   1599245.635358  1602313.466129     0.19%     5356    270  10085    409726   278.9s
      1169     486       180   0.94%   1599245.635358  1602313.466129     0.19%     5410    254   9939    428915   291.2s
      1215     491       190   0.94%   1599245.635358  1602313.466129     0.19%     5433    222   9975    436690   296.2s
      1296     521       218   0.94%   1599264.02056   1602313.466129     0.19%     4871    245   9460    443962   301.4s
      1337     538       226   0.94%   1599326.042961  1602313.466129     0.19%     5238    373   9786    450645   306.4s
      1377     540       232   0.96%   1599326.042961  1602313.466129     0.19%     5578    322   9695    457611   313.0s
      1422     565       241   0.96%   1599332.263677  1602313.466129     0.19%     5310    261   9886    467332   318.5s
      1430     581       241   0.96%   1599334.413814  1602313.466129     0.19%     5626    279  10096    489759   336.1s
      1445     588       242   0.96%   1599334.413814  1602313.466129     0.19%     5660    235   9968    495209   341.3s
      1482     609       247   0.96%   1599334.413814  1602313.466129     0.19%     5465    337   9791    504599   347.7s
      1520     634       252   0.96%   1599346.665684  1602313.466129     0.19%     5459    253  10119    510805   354.9s
      1544     634       256   0.96%   1599346.665684  1602313.466129     0.19%     5444    267   9984    512762   360.1s
      1574     656       265   0.96%   1599346.665684  1602313.466129     0.19%     5294    216   9244    514682   366.7s
      1601     663       272   0.96%   1599346.665684  1602313.466129     0.19%     5490    272   9569    517642   372.2s
      1625     665       278   0.96%   1599346.665684  1602313.466129     0.19%     5876    337   9819    527203   382.9s
      1646     684       282   0.96%   1599361.609642  1602313.466129     0.18%     5755    256   9983    531788   391.2s
      1664     692       284   0.96%   1599361.609642  1602313.466129     0.18%     5586    232   9653    535405   398.8s

        Nodes      |    B&B Tree     |            Objective Bounds              |  Dynamic Constraints |       Work      
Src  Proc. InQueue |  Leaves   Expl. | BestBound       BestSol              Gap |   Cuts   InLp Confl. | LpIters     Time

      1685     700       285   0.96%   1599361.609642  1602313.466129     0.18%     5845    368   9901    539258   405.9s
      1710     710       295   0.96%   1599361.609642  1602313.466129     0.18%     5857    368   9879    540727   411.1s
      1718     719       295   0.96%   1599361.609642  1602313.466129     0.18%     5759    238   9938    552180   427.9s
      1766     728       297   0.96%   1599361.609642  1602313.466129     0.18%     5803    321   9728    560605   437.7s
      1788     763       304   0.96%   1599432.678747  1602313.466129     0.18%     5921    390   9969    564979   444.7s
      1803     768       308   0.96%   1599432.678747  1602313.466129     0.18%     5994    243   9974    567466   449.9s
      1828     783       309   0.96%   1599432.678747  1602313.466129     0.18%     5837    296   9645    569709   455.9s
      1841     794       309   0.96%   1599433.194628  1602313.466129     0.18%     5659    243   9819    574436   461.5s
      1887     795       331   0.96%   1599433.194628  1602313.466129     0.18%     5380    222   9726    578482   467.3s
      1913     804       338   0.96%   1599448.541687  1602313.466129     0.18%     5285    284  10041    592487   479.3s
      1941     806       346   0.96%   1599448.541687  1602313.466129     0.18%     5405    273  10110    599079   484.9s
      1993     812       367   0.96%   1599449.977397  1602313.466129     0.18%     4986    223   9888    606615   490.4s
      2046     830       381   0.96%   1599449.977397  1602313.466129     0.18%     5021    237   9812    611644   495.4s
      2049     830       382   0.96%   1599449.977397  1602313.466129     0.18%     4855    204   9830    629079   510.4s
      2079     839       390   0.96%   1599451.362039  1602313.466129     0.18%     4689    217   9666    635934   517.2s
      2103     850       393   0.96%   1599451.362039  1602313.466129     0.18%     4613    258   9857    638896   522.3s
      2128     856       402   0.96%   1599451.362039  1602313.466129     0.18%     4679    222   9966    642216   527.5s
      2149     860       411   0.96%   1599451.362039  1602313.466129     0.18%     4696    222   9954    645106   532.8s
      2182     870       422   0.96%   1599451.362039  1602313.466129     0.18%     4606    226   9985    648225   538.8s
      2199     876       427   0.96%   1599453.195668  1602313.466129     0.18%     4361    284  10034    657299   550.1s

        Nodes      |    B&B Tree     |            Objective Bounds              |  Dynamic Constraints |       Work      
Src  Proc. InQueue |  Leaves   Expl. | BestBound       BestSol              Gap |   Cuts   InLp Confl. | LpIters     Time

      2208     876       430   0.96%   1599453.195668  1602313.466129     0.18%     4533    323   9753    659716   555.2s
      2250     886       444   0.96%   1599453.195668  1602313.466129     0.18%     4836    293   9696    664546   561.2s
      2260     893       444   0.96%   1599454.946962  1602313.466129     0.18%     4816    372   9896    670638   567.4s
      2294     896       457   0.96%   1599454.946962  1602313.466129     0.18%     5461    258   9907    692597   580.4s
      2305     896       459   0.96%   1599454.946962  1602313.466129     0.18%     5565    380   9828    698563   585.7s
      2329     906       467   0.96%   1599455.91973   1602313.466129     0.18%     5711    288   9822    705271   591.4s
      2347     912       469   0.96%   1599455.91973   1602313.466129     0.18%     5525    225   9835    710043   596.9s
      2375     932       472   0.96%   1599456.912352  1602313.466129     0.18%     5567    274  10180    716660   603.4s
      2424     956       479   0.96%   1599456.912352  1602313.466129     0.18%     5855    299   9634    723709   609.1s
      2446     965       482   0.96%   1599506.252815  1602313.466129     0.18%     5726    341   9985    730692   615.2s
      2468     980       485   0.96%   1599506.252815  1602313.466129     0.18%     5928    331  10066    751549   632.0s
      2487     987       487   0.96%   1599596.168149  1602313.466129     0.17%     6221    317   9977    760868   641.1s
      2501     982       494   0.96%   1599596.168149  1602313.466129     0.17%     6493    408   9529    768464   646.7s
      2524     992       497   0.96%   1599625.763705  1602313.466129     0.17%     6117    285   9829    776020   652.2s
      2545     995       503   0.96%   1599625.763705  1602313.466129     0.17%     5767    281   9694    782150   657.9s
      2575    1000       512   0.96%   1599625.763705  1602313.466129     0.17%     5164    267   9627    793081   669.3s
      2589    1005       518   0.96%   1599625.838909  1602313.466129     0.17%     5135    278   9918    799188   674.3s
      2603    1008       522   0.96%   1599630.203361  1602313.466129     0.17%     5015    303   9812    821255   694.3s
      2617    1009       526   0.96%   1599630.203361  1602313.466129     0.17%     5015    342  10227    828426   702.1s
      2635    1005       536   0.96%   1599660.628267  1602313.466129     0.17%     4978    247   9969    833037   707.2s

        Nodes      |    B&B Tree     |            Objective Bounds              |  Dynamic Constraints |       Work      
Src  Proc. InQueue |  Leaves   Expl. | BestBound       BestSol              Gap |   Cuts   InLp Confl. | LpIters     Time

      2655    1005       542   0.96%   1599660.628267  1602313.466129     0.17%     4364    307   9830    844292   717.5s
      2672    1006       549   0.96%   1599674.208622  1602313.466129     0.16%     4583    322   9935    850286   724.4s
      2692    1010       554   0.96%   1599709.952561  1602313.466129     0.16%     4490    301   9899    854218   730.8s
      2708    1008       563   0.96%   1599709.952561  1602313.466129     0.16%     4607    295   9924    858287   736.1s
      2725    1013       566   0.96%   1599774.979222  1602313.466129     0.16%     4333    345   9868    866103   743.7s
      2744    1009       576   0.96%   1599774.979222  1602313.466129     0.16%     4351    354   9708    886722   769.3s
      2769    1011       587   0.96%   1599784.634227  1602313.466129     0.16%     4479    304   9960    894001   774.6s
      2801    1016       597   0.96%   1599784.634227  1602313.466129     0.16%     4560    269   9917    900275   780.5s
      2832    1018       609   0.96%   1599816.166591  1602313.466129     0.16%     4489    269   9856    907786   789.8s
      2857    1013       622   0.96%   1599843.114701  1602313.466129     0.15%     4575    285   9777    915933   795.9s
      2880    1020       630   0.96%   1599850.002099  1602313.466129     0.15%     4718    251   9999    937703   822.2s
      2932    1027       649   0.96%   1599850.002099  1602313.466129     0.15%     5233    345   9688    944695   828.5s
      2956    1023       662  13.46%   1599882.920383  1602313.466129     0.15%     5307    285  10043    952386   833.9s
      2974    1019       671  13.46%   1599882.920383  1602313.466129     0.15%     5596    366  10033    957282   839.0s
      2997    1012       685  13.46%   1599910.245988  1602313.466129     0.15%     5580    257   9829    963157   844.0s
      3021    1017       693  13.46%   1599938.5826    1602313.466129     0.15%     5577    291   9855    967425   849.7s
      3041    1013       701  13.46%   1599938.5826    1602313.466129     0.15%     5427    306   9905    972135   859.1s
      3067    1021       710  13.46%   1599938.5826    1602313.466129     0.15%     5432    222   9934    976671   865.7s
      3076    1021       713  14.25%   1599940.079966  1602313.466129     0.15%     5563    301   9637    980518   870.8s
      3094    1017       716  14.25%   1599940.079966  1602313.466129     0.15%     5268    237   9620    984893   877.7s

        Nodes      |    B&B Tree     |            Objective Bounds              |  Dynamic Constraints |       Work      
Src  Proc. InQueue |  Leaves   Expl. | BestBound       BestSol              Gap |   Cuts   InLp Confl. | LpIters     Time

      3117    1037       719  14.66%   1599973.212874  1602313.466129     0.15%     5007    277   9670    988531   882.9s
      3179    1059       732  14.66%   1599973.212874  1602313.466129     0.15%     4745    202  10035    993403   888.0s
      3207    1066       737  14.66%   1599976.866247  1602313.466129     0.15%     4610    298   9431    998533   893.5s
      3253    1072       752  14.66%   1599976.866247  1602313.466129     0.15%     3826    297   9995     1002k   898.6s
      3285    1084       762  16.22%   1599982.148451  1602313.466129     0.15%     3745    262   9844     1007k   905.3s
      3301    1084       766  16.61%   1599987.978554  1602313.466129     0.15%     3866    266  10095     1012k   911.5s
      3331    1084       779  16.61%   1599987.978554  1602313.466129     0.15%     3931    235   9683     1017k   916.8s
      3359    1085       788  16.81%   1599993.680493  1602313.466129     0.14%     4038    235   9963     1025k   922.2s
      3393    1091       801  16.81%   1599997.112292  1602313.466129     0.14%     4021    275  10062     1033k   929.2s
      3434    1096       811  16.81%   1599997.112292  1602313.466129     0.14%     4166    276   9995     1040k   934.5s
      3470    1104       822  17.20%   1600018.381503  1602313.466129     0.14%     4269    296   9916     1052k   941.6s
      3483    1097       830  17.59%   1600026.421222  1602313.466129     0.14%     4086    248   9917     1060k   946.8s
      3497    1095       834  17.59%   1600026.421222  1602313.466129     0.14%     4141    250  10072     1065k   952.0s
      3506    1093       837  17.59%   1600037.655847  1602313.466129     0.14%     4176    230   9845     1071k   961.7s
      3521    1087       846  17.59%   1600037.655847  1602313.466129     0.14%     4337    234   9742     1075k   967.6s
      3536    1094       848  17.64%   1600058.078276  1602313.466129     0.14%     4336    281   9994     1082k   973.2s
      3556    1093       853  17.64%   1600058.078276  1602313.466129     0.14%     4452    280   9926     1088k   978.7s
      3587    1104       861  17.64%   1600059.526162  1602313.466129     0.14%     4565    238   9895     1092k   984.8s
      3608    1090       876  17.88%   1600082.367125  1602313.466129     0.14%     4700    259  10005     1100k   990.0s
      3630    1081       889  17.91%   1600083.574929  1602313.466129     0.14%     4693    205   9977     1108k   995.0s

        Nodes      |    B&B Tree     |            Objective Bounds              |  Dynamic Constraints |       Work      
Src  Proc. InQueue |  Leaves   Expl. | BestBound       BestSol              Gap |   Cuts   InLp Confl. | LpIters     Time

      3665    1090       898  17.92%   1600100.069942  1602313.466129     0.14%     4186    240   9927     1116k  1000.2s
      3688    1092       905  17.93%   1600101.278746  1602313.466129     0.14%     4024    268  10003     1121k  1005.4s
      3716    1085       919  17.93%   1600114.88639   1602313.466129     0.14%     4341    234   9759     1131k  1010.8s
      3771    1086       941  17.93%   1600121.564901  1602313.466129     0.14%     4371    275   9898     1144k  1018.1s
      3793    1087       949  17.93%   1600121.564901  1602313.466129     0.14%     4214    194   9766     1147k  1023.2s
      3809    1086       955  17.93%   1600176.54023   1602313.466129     0.13%     4516    305   9973     1150k  1028.7s
      3834    1082       966  17.93%   1600176.54023   1602313.466129     0.13%     4620    263   9847     1156k  1035.2s
      3850    1079       970  17.93%   1600184.545823  1602313.466129     0.13%     4375    249   9982     1161k  1041.0s
      3855    1076       973  17.93%   1600186.010452  1602313.466129     0.13%     4194    247   9882     1167k  1046.8s
      3874    1072       980  17.93%   1600187.573304  1602313.466129     0.13%     4114    231   9881     1173k  1052.6s
      3895    1071       986  17.93%   1600190.590192  1602313.466129     0.13%     4021    311  10134     1183k  1058.8s
      3933    1073       998  17.93%   1600219.935961  1602313.466129     0.13%     4222    315   9925     1190k  1063.8s
      3951    1064      1008  17.95%   1600234.042994  1602313.466129     0.13%     4388    248   9994     1198k  1068.8s
      3970    1063      1015  17.95%   1600252.393835  1602313.466129     0.13%     4219    230   9823     1206k  1075.3s
      4000    1062      1025  17.96%   1600274.493746  1602313.466129     0.13%     3645    292   9947     1213k  1081.5s
      4065    1072      1046  17.96%   1600282.926505  1602313.466129     0.13%     3665    228   9779     1222k  1086.9s
      4102    1061      1063  17.96%   1600284.088447  1602313.466129     0.13%     3445    201   9785     1231k  1092.1s
      4107    1058      1067  17.96%   1600290.134649  1602313.466129     0.13%     3336    303   9891     1235k  1097.3s
      4139    1048      1084  17.96%   1600298.168829  1602313.466129     0.13%     3400    218   9885     1245k  1102.4s
      4157    1052      1088  17.96%   1600298.168829  1602313.466129     0.13%     3306    209   9824     1253k  1109.8s

        Nodes      |    B&B Tree     |            Objective Bounds              |  Dynamic Constraints |       Work      
Src  Proc. InQueue |  Leaves   Expl. | BestBound       BestSol              Gap |   Cuts   InLp Confl. | LpIters     Time

      4172    1045      1098  17.96%   1600299.200809  1602313.466129     0.13%     3494    271   9976     1261k  1114.8s
      4197    1044      1105  17.96%   1600301.691912  1602313.466129     0.13%     3620    173   9862     1269k  1121.1s
      4211    1044      1107  17.96%   1600301.750314  1602313.466129     0.13%     3993    316   9803     1276k  1126.7s
      4229    1038      1113  17.96%   1600320.454485  1602313.466129     0.12%     4311    217   9860     1282k  1131.7s
      4271    1048      1126  17.96%   1600320.454485  1602313.466129     0.12%     4263    226   9799     1290k  1137.9s
      4301    1049      1138  17.96%   1600331.762355  1602313.466129     0.12%     4444    283   9985     1295k  1143.6s
      4320    1041      1146  17.96%   1600357.712042  1602313.466129     0.12%     4551    272   9975     1303k  1150.1s
      4326    1037      1148  17.96%   1600357.712042  1602313.466129     0.12%     4929    261   9889     1311k  1155.3s
      4348    1032      1157  17.96%   1600366.014861  1602313.466129     0.12%     5180    281   9837     1318k  1160.5s
      4364    1030      1164  17.97%   1600366.014861  1602313.466129     0.12%     4932    224  10079     1324k  1165.7s
      4390    1029      1175  17.97%   1600381.592715  1602313.466129     0.12%     5145    213   9841     1330k  1171.0s
      4414    1029      1185  17.97%   1600409.529193  1602313.466129     0.12%     5155    259  10011     1338k  1177.5s
      4428    1021      1192  17.97%   1600424.947716  1602313.466129     0.12%     5179    308   9916     1347k  1182.8s
      4436    1017      1196  17.97%   1600424.947716  1602313.466129     0.12%     5333    274   9925     1353k  1188.1s
      4451    1009      1205  17.97%   1600436.182131  1602313.466129     0.12%     5111    276   9892     1360k  1194.0s
      4502    1008      1230  17.97%   1600438.911328  1602313.466129     0.12%     5175    345   9919     1369k  1199.9s
      4520    1005      1239  18.06%   1600438.911328  1602313.466129     0.12%     5461    236   9885     1376k  1205.7s
      4536    1006      1245  18.16%   1600444.28069   1602313.466129     0.12%     5404    281   9966     1382k  1211.6s
      4551    1009      1248  18.16%   1600444.28069   1602313.466129     0.12%     5347    279   9950     1387k  1216.8s
      4583    1015      1257  18.16%   1600466.903594  1602313.466129     0.12%     5115    267   9930     1391k  1222.3s

        Nodes      |    B&B Tree     |            Objective Bounds              |  Dynamic Constraints |       Work      
Src  Proc. InQueue |  Leaves   Expl. | BestBound       BestSol              Gap |   Cuts   InLp Confl. | LpIters     Time

      4609    1012      1265  18.16%   1600472.891071  1602313.466129     0.11%     4844    252   9991     1396k  1227.7s
      4632    1011      1273  18.16%   1600472.891071  1602313.466129     0.11%     4238    258  10044     1401k  1232.7s
      4648    1007      1280  18.19%   1600484.95979   1602313.466129     0.11%     4063    317   9868     1408k  1238.5s
      4701    1016      1297  18.19%   1600489.79028   1602313.466129     0.11%     3862    210   9988     1413k  1243.5s
      4715    1005      1306  18.19%   1600502.014383  1602313.466129     0.11%     3972    253   9587     1419k  1249.1s
      4733     994      1317  18.19%   1600512.355697  1602313.466129     0.11%     3913    257   9924     1428k  1256.0s
      4744     989      1322  18.19%   1600567.413708  1602313.466129     0.11%     3771    258   9877     1435k  1262.3s
      4759     993      1327  18.19%   1600567.413708  1602313.466129     0.11%     3989    263   9580     1439k  1268.4s
      4775     983      1337  43.19%   1600567.69035   1602313.466129     0.11%     4264    262   9797     1446k  1274.5s
      4785     985      1340  43.19%   1600606.551104  1602313.466129     0.11%     4430    269   9896     1451k  1279.6s
      4804     995      1343  43.19%   1600609.389627  1602313.466129     0.11%     4628    341   9992     1458k  1285.0s
      4828     999      1349  43.19%   1600609.389627  1602313.466129     0.11%     4865    296   9810     1463k  1290.4s
      4850    1000      1356  43.19%   1600609.389627  1602313.466129     0.11%     5051    266   9787     1467k  1295.6s
      4874    1000      1366  43.19%   1600617.080667  1602313.466129     0.11%     5232    244   9788     1471k  1300.9s
      4892    1001      1373  43.19%   1600617.523364  1602313.466129     0.11%     5911    350   9954     1478k  1308.3s
      4916     999      1384  43.19%   1600617.523364  1602313.466129     0.11%     5819    224   9930     1484k  1313.7s
      4936     995      1393  55.69%   1600624.819785  1602313.466129     0.11%     5834    232   9943     1490k  1319.5s
      4958     999      1397  55.69%   1600625.460763  1602313.466129     0.11%     5724    270  10037     1495k  1324.9s
      4968     989      1404  55.71%   1600633.624004  1602313.466129     0.10%     4660    273  10029     1502k  1332.4s
      4986     988      1411  55.72%   1600633.624004  1602313.466129     0.10%     4412    299   9785     1509k  1339.0s

        Nodes      |    B&B Tree     |            Objective Bounds              |  Dynamic Constraints |       Work      
Src  Proc. InQueue |  Leaves   Expl. | BestBound       BestSol              Gap |   Cuts   InLp Confl. | LpIters     Time

      5001     986      1416  55.72%   1600659.71327   1602313.466129     0.10%     4485    261   9941     1515k  1344.2s
      5019     991      1421  55.72%   1600659.71327   1602313.466129     0.10%     4615    291   9923     1519k  1350.5s
      5038     996      1426  55.72%   1600659.71327   1602313.466129     0.10%     4402    274   9974     1525k  1355.7s
      5055     995      1430  55.72%   1600661.636429  1602313.466129     0.10%     4584    298   9992     1532k  1361.9s
      5067     989      1436  55.72%   1600664.414279  1602313.466129     0.10%     4479    249   9733     1538k  1366.9s
      5080     984      1444  55.72%   1600666.353516  1602313.466129     0.10%     4449    287   9950     1546k  1373.1s
      5090     983      1448  55.72%   1600666.353516  1602313.466129     0.10%     4508    376   9920     1550k  1378.9s
      5120     982      1462  55.72%   1600675.523221  1602313.466129     0.10%     4628    270  10006     1557k  1384.7s
      5133     978      1467  55.72%   1600675.523221  1602313.466129     0.10%     4748    247   9878     1563k  1389.9s
      5154     988      1472  55.72%   1600726.176706  1602313.466129     0.10%     4781    246  10000     1568k  1395.0s
      5176     987      1481  55.72%   1600726.176706  1602313.466129     0.10%     4626    283   9882     1572k  1400.2s
      5210     992      1493  55.72%   1600726.176706  1602313.466129     0.10%     4517    240   9888     1577k  1405.9s
      5227     989      1501  58.85%   1600757.238385  1602313.466129     0.10%     4664    218   9786     1583k  1412.8s
      5271     992      1522  58.85%   1600757.238385  1602313.466129     0.10%     4673    287   9960     1588k  1417.9s
      5289     992      1527  58.85%   1600795.969008  1602313.466129     0.09%     5080    373   9815     1593k  1423.6s
      5312     989      1537  58.86%   1600795.969008  1602313.466129     0.09%     5150    250   9691     1598k  1429.6s
      5328     983      1544  58.86%   1600801.593065  1602313.466129     0.09%     4592    208   9821     1603k  1434.8s
      5351     984      1551  58.86%   1600810.848081  1602313.466129     0.09%     4905    349  10168     1610k  1443.0s
      5366     975      1560  58.96%   1600825.700553  1602313.466129     0.09%     4832    330   9835     1622k  1450.2s
      5380     967      1568  58.96%   1600832.526572  1602313.466129     0.09%     5027    305   9959     1629k  1456.4s

        Nodes      |    B&B Tree     |            Objective Bounds              |  Dynamic Constraints |       Work      
Src  Proc. InQueue |  Leaves   Expl. | BestBound       BestSol              Gap |   Cuts   InLp Confl. | LpIters     Time

      5400     965      1576  58.96%   1600838.635396  1602313.466129     0.09%     5336    326  10088     1636k  1461.7s
      5418     961      1582  59.21%   1600840.501329  1602313.466129     0.09%     5362    308  10131     1642k  1468.3s
      5440     965      1589  59.21%   1600840.501329  1602313.466129     0.09%     5142    292   9871     1648k  1474.7s
      5461     959      1597  59.21%   1600844.115158  1602313.466129     0.09%     5286    257   9829     1656k  1480.1s
      5472     952      1604  59.21%   1600850.800494  1602313.466129     0.09%     5392    344   9887     1663k  1486.4s
      5482     949      1608  59.21%   1600853.233733  1602313.466129     0.09%     5553    390  10092     1671k  1492.0s
      5503     946      1616  59.21%   1600860.172572  1602313.466129     0.09%     5769    304   9934     1679k  1497.1s
      5525     946      1620  59.21%   1600860.172572  1602313.466129     0.09%     5948    232  10016     1686k  1504.3s
      5556     950      1629  59.21%   1600860.172572  1602313.466129     0.09%     5683    279   9682     1692k  1509.8s
      5572     954      1636  59.40%   1600876.066726  1602313.466129     0.09%     5566    231  10015     1696k  1515.1s
      5597     940      1652  59.61%   1600877.401852  1602313.466129     0.09%     5440    339   9851     1705k  1521.1s
      5610     931      1661  60.00%   1600880.468575  1602313.466129     0.09%     5191    276   9900     1712k  1526.3s
      5628     932      1667  60.00%   1600895.285692  1602313.466129     0.09%     5319    288  10002     1717k  1531.5s
      5646     916      1682  60.00%   1600896.198153  1602313.466129     0.09%     5622    307   9947     1728k  1536.6s
      5650     914      1684  60.01%   1600896.198153  1602313.466129     0.09%     5534    276  10238     1735k  1543.2s
      5674     914      1690  60.01%   1600901.519363  1602313.466129     0.09%     4670    222   9906     1741k  1548.2s
      5685     907      1696  60.40%   1600906.984655  1602313.466129     0.09%     5062    321   9932     1746k  1553.9s
      5691     905      1698  61.96%   1600908.541545  1602313.466129     0.09%     5107    267  10114     1753k  1559.8s
      5707     899      1706  61.96%   1600910.129062  1602313.466129     0.09%     5020    245   9841     1760k  1565.2s
      5733     901      1712  61.96%   1600910.129062  1602313.466129     0.09%     5069    375   9905     1769k  1574.2s

        Nodes      |    B&B Tree     |            Objective Bounds              |  Dynamic Constraints |       Work      
Src  Proc. InQueue |  Leaves   Expl. | BestBound       BestSol              Gap |   Cuts   InLp Confl. | LpIters     Time

      5752     896      1721  61.96%   1600917.555094  1602313.466129     0.09%     5355    273   9882     1777k  1582.6s
      5781     891      1734  63.53%   1600920.978264  1602313.466129     0.09%     5079    297   9991     1785k  1588.0s
      5790     886      1740  65.09%   1600926.985179  1602313.466129     0.09%     5107    336   9953     1790k  1593.4s
      5797     885      1743  65.09%   1600926.985179  1602313.466129     0.09%     5185    278  10165     1795k  1599.2s
      5812     880      1748  65.09%   1600934.414873  1602313.466129     0.09%     5496    241  10236     1802k  1605.9s
      5831     871      1758  65.15%   1600940.447241  1602313.466129     0.09%     4840    249   9877     1811k  1613.3s
      5851     869      1767  65.15%   1600945.120906  1602313.466129     0.09%     4985    263   9968     1818k  1619.5s
      5866     861      1775  65.18%   1600964.814677  1602313.466129     0.08%     5010    274   9893     1824k  1624.6s
      5888     844      1792  65.20%   1600967.699117  1602313.466129     0.08%     5169    280   9947     1834k  1630.2s
      5909     827      1809  65.21%   1600970.388506  1602313.466129     0.08%     5351    339   9717     1843k  1635.3s
      5921     827      1812  65.41%   1600970.388506  1602313.466129     0.08%     5443    268   9958     1849k  1640.8s
      5938     820      1823  65.41%   1600980.271493  1602313.466129     0.08%     5389    265   9972     1857k  1645.9s
      5972     801      1845  65.41%   1600989.558129  1602313.466129     0.08%     5588    207   9953     1868k  1651.6s
      5991     795      1855  66.19%   1600992.709314  1602313.466129     0.08%     5618    222   9801     1875k  1657.0s
      6005     783      1865  66.98%   1600996.520565  1602313.466129     0.08%     5541    329  10023     1883k  1665.1s
      6027     781      1873  66.99%   1601000.359843  1602313.466129     0.08%     5253    299   9910     1890k  1670.3s
      6038     776      1878  66.99%   1601003.93734   1602313.466129     0.08%     5236    287   9842     1896k  1676.1s
      6063     781      1884  67.77%   1601004.629524  1602313.466129     0.08%     5294    238  10017     1900k  1681.2s
      6085     791      1885  67.96%   1601018.305993  1602313.466129     0.08%     4804    258  10043     1904k  1687.5s
      6105     791      1889  67.96%   1601018.415824  1602313.466129     0.08%     4213    246   9880     1909k  1696.7s

        Nodes      |    B&B Tree     |            Objective Bounds              |  Dynamic Constraints |       Work      
Src  Proc. InQueue |  Leaves   Expl. | BestBound       BestSol              Gap |   Cuts   InLp Confl. | LpIters     Time

      6126     792      1895  67.96%   1601020.80264   1602313.466129     0.08%     3809    224  10102     1913k  1703.0s
      6145     785      1902  67.97%   1601021.435386  1602313.466129     0.08%     3218    314   9932     1917k  1708.1s
      6157     781      1905  68.16%   1601023.849098  1602313.466129     0.08%     3197    267   9706     1923k  1713.3s
      6168     778      1909  68.16%   1601023.849098  1602313.466129     0.08%     3256    277   9902     1926k  1719.6s
      6177     780      1911  68.36%   1601023.849098  1602313.466129     0.08%     3334    259   9829     1929k  1724.6s
      6213     791      1920  68.55%   1601028.686623  1602313.466129     0.08%     3455    271   9845     1933k  1729.8s
      6235     787      1929  68.55%   1601033.227084  1602313.466129     0.08%     3480    285  10058     1941k  1736.3s
      6266     797      1935  68.55%   1601033.227084  1602313.466129     0.08%     3550    320   9737     1945k  1741.8s
      6312     816      1946  68.55%   1601033.227084  1602313.466129     0.08%     3739    253   9907     1949k  1747.5s
      6335     819      1952  68.55%   1601033.227084  1602313.466129     0.08%     3915    334   9909     1954k  1754.2s
      6362     822      1961  68.55%   1601036.222695  1602313.466129     0.08%     4022    351   9923     1957k  1759.2s
      6388     827      1968  68.55%   1601036.222695  1602313.466129     0.08%     4145    230   9923     1959k  1764.3s
      6401     826      1972  68.55%   1601036.222695  1602313.466129     0.08%     4054    239  10025     1960k  1770.5s
      6417     825      1979  68.55%   1601036.222695  1602313.466129     0.08%     4019    317   9833     1966k  1775.8s
      6435     821      1987  68.64%   1601048.846441  1602313.466129     0.08%     4177    280  10090     1972k  1781.4s
      6448     816      1990  68.64%   1601048.846441  1602313.466129     0.08%     4319    274   9991     1977k  1786.9s
      6465     813      1995  68.74%   1601066.589112  1602313.466129     0.08%     4393    262   9761     1984k  1793.0s
      6480     806      2003  68.85%   1601074.333835  1602313.466129     0.08%     4787    277   9923     1991k  1798.0s
      6509     799      2018  68.85%   1601077.129926  1602313.466129     0.08%     4947    224   9624     1999k  1803.7s
      6541     790      2034  68.85%   1601078.00661   1602313.466129     0.08%     5019    281   9972     2007k  1811.1s

        Nodes      |    B&B Tree     |            Objective Bounds              |  Dynamic Constraints |       Work      
Src  Proc. InQueue |  Leaves   Expl. | BestBound       BestSol              Gap |   Cuts   InLp Confl. | LpIters     Time

      6550     788      2038  68.85%   1601080.888941  1602313.466129     0.08%     5089    317   9939     2012k  1816.2s
      6569     779      2047  68.95%   1601088.751984  1602313.466129     0.08%     5330    271   9987     2020k  1821.5s
      6595     777      2059  68.95%   1601099.403017  1602313.466129     0.08%     5076    191   9859     2027k  1827.1s
      6607     780      2061  68.95%   1601099.403017  1602313.466129     0.08%     4935    268   9983     2030k  1836.2s
      6624     774      2068  68.96%   1601100.769758  1602313.466129     0.08%     4858    284   9894     2036k  1841.5s
      6640     760      2079  69.05%   1601109.957096  1602313.466129     0.08%     4824    292  10018     2042k  1847.3s
      6646     758      2081  69.83%   1601109.957096  1602313.466129     0.08%     4884    365  10289     2048k  1852.3s
      6662     751      2090  69.86%   1601121.474276  1602313.466129     0.07%     4952    285   9831     2057k  1859.7s
      6677     751      2095  69.88%   1601122.504083  1602313.466129     0.07%     4965    297  10195     2062k  1867.8s
      6690     752      2099  69.91%   1601122.900761  1602313.466129     0.07%     5092    287  10086     2067k  1873.2s
      6707     739      2111  69.98%   1601130.788165  1602313.466129     0.07%     5096    297   9947     2075k  1878.3s
      6714     736      2114  69.98%   1601130.788165  1602313.466129     0.07%     5237    253   9917     2080k  1883.5s
      6725     731      2120  70.17%   1601131.087094  1602313.466129     0.07%     4947    251  10054     2088k  1889.6s
      6747     723      2133  70.21%   1601132.138225  1602313.466129     0.07%     4903    269   9943     2094k  1894.8s
      6751     723      2133  70.21%   1601136.209751  1602313.466129     0.07%     5039    356   9807     2098k  1900.8s
      6768     714      2143  70.22%   1601136.717092  1602313.466129     0.07%     5094    265   9816     2104k  1905.9s
      6777     712      2148  70.22%   1601136.717092  1602313.466129     0.07%     5068    271   9929     2107k  1910.9s
      6783     707      2153  70.22%   1601136.717092  1602313.466129     0.07%     5126    306  10144     2112k  1918.1s
      6795     702      2160  70.22%   1601141.636114  1602313.466129     0.07%     5029    270   9787     2118k  1926.8s
      6814     704      2165  70.23%   1601142.153371  1602313.466129     0.07%     4751    314   9611     2123k  1932.1s

        Nodes      |    B&B Tree     |            Objective Bounds              |  Dynamic Constraints |       Work      
Src  Proc. InQueue |  Leaves   Expl. | BestBound       BestSol              Gap |   Cuts   InLp Confl. | LpIters     Time

      6839     705      2170  70.25%   1601152.249052  1602313.466129     0.07%     4553    233   9890     2127k  1937.9s
      6860     706      2174  70.25%   1601161.888914  1602313.466129     0.07%     4290    255   9767     2130k  1943.2s
      6868     701      2177  70.25%   1601161.888914  1602313.466129     0.07%     3654    226   9914     2133k  1948.3s
      6875     699      2180  70.25%   1601162.470399  1602313.466129     0.07%     3663    266   9746     2139k  1954.0s
      6900     700      2188  70.25%   1601171.544372  1602313.466129     0.07%     3910    240   9745     2145k  1959.9s
      6908     694      2194  70.25%   1601171.544372  1602313.466129     0.07%     4020    313  10022     2149k  1965.2s
      6922     689      2200  70.45%   1601179.995141  1602313.466129     0.07%     4460    255   9806     2158k  1970.8s
      6934     680      2205  70.46%   1601189.529775  1602313.466129     0.07%     4720    254   9976     2163k  1975.9s
      6939     677      2208  70.46%   1601209.977568  1602313.466129     0.07%     5132    320  10013     2169k  1981.4s
      6952     664      2219  70.48%   1601215.449774  1602313.466129     0.07%     5421    374   9953     2178k  1986.7s
      6965     655      2228  71.30%   1601219.481685  1602313.466129     0.07%     5664    312  10205     2187k  1991.8s
      6984     646      2239  71.30%   1601241.643596  1602313.466129     0.07%     5713    285  10074     2195k  1997.1s
      6995     643      2243  71.30%   1601251.960064  1602313.466129     0.07%     6088    255   9977     2199k  2004.0s
      7017     637      2255  71.30%   1601254.075545  1602313.466129     0.07%     6215    295  10026     2204k  2009.1s
      7024     638      2255  71.30%   1601254.075545  1602313.466129     0.07%     6055    257   9915     2206k  2014.9s
      7038     626      2266  71.53%   1601255.742028  1602313.466129     0.07%     6175    303  10031     2213k  2021.5s
      7050     618      2272  71.53%   1601256.910892  1602313.466129     0.07%     6172    262   9928     2220k  2026.9s
      7073     616      2281  71.55%   1601263.088615  1602313.466129     0.07%     5956    344   9697     2230k  2037.3s
      7082     610      2288  71.55%   1601263.088615  1602313.466129     0.07%     5784    388   9881     2235k  2042.6s
      7113     617      2294  71.55%   1601276.464697  1602313.466129     0.06%     5579    231   9757     2239k  2047.6s

        Nodes      |    B&B Tree     |            Objective Bounds              |  Dynamic Constraints |       Work      
Src  Proc. InQueue |  Leaves   Expl. | BestBound       BestSol              Gap |   Cuts   InLp Confl. | LpIters     Time

      7138     603      2310  71.65%   1601282.789391  1602313.466129     0.06%     5503    283   9974     2246k  2054.7s
      7150     591      2319  71.67%   1601288.918228  1602313.466129     0.06%     5700    325   9565     2251k  2059.8s
      7154     589      2321  71.69%   1601288.918228  1602313.466129     0.06%     5704    269   9748     2254k  2065.3s
      7156     589      2321  71.69%   1601301.244607  1602313.466129     0.06%     5855    321  10105     2261k  2075.1s
      7162     584      2325  71.69%   1601301.244607  1602313.466129     0.06%     5989    260   9942     2265k  2080.8s
      7177     582      2331  71.69%   1601301.610389  1602313.466129     0.06%     5694    291  10048     2269k  2087.5s
      7182     579      2334  71.69%   1601301.610389  1602313.466129     0.06%     5487    258   9915     2272k  2094.2s
      7192     569      2341  71.74%   1601303.777044  1602313.466129     0.06%     5668    319   9964     2277k  2099.5s
      7198     565      2345  71.74%   1601306.391987  1602313.466129     0.06%     5665    278  10260     2284k  2110.4s
      7211     564      2346  71.75%   1601306.391987  1602313.466129     0.06%     5394    281   9964     2289k  2118.0s
      7219     560      2349  72.14%   1601309.931451  1602313.466129     0.06%     5508    302   9793     2293k  2124.2s
      7228     551      2357  72.53%   1601320.741521  1602313.466129     0.06%     5535    278   9891     2298k  2129.3s
      7239     540      2366  72.92%   1601323.836598  1602313.466129     0.06%     5379    253   9916     2302k  2134.6s
      7254     527      2378  72.98%   1601330.818777  1602313.466129     0.06%     5407    233   9958     2309k  2140.9s
      7258     525      2380  73.03%   1601330.818777  1602313.466129     0.06%     5418    250  10097     2313k  2146.4s
      7267     524      2383  73.03%   1601330.891685  1602313.466129     0.06%     5474    250  10133     2320k  2154.5s
      7287     508      2399  73.42%   1601340.808635  1602313.466129     0.06%     5504    254  10074     2329k  2159.8s
      7293     508      2400  73.42%   1601340.808635  1602313.466129     0.06%     5284    237   9992     2334k  2165.3s
      7311     508      2403  73.42%   1601348.467956  1602313.466129     0.06%     4302    260   9937     2339k  2170.6s
      7320     503      2407  73.42%   1601348.467956  1602313.466129     0.06%     4977    311   9950     2345k  2176.1s

        Nodes      |    B&B Tree     |            Objective Bounds              |  Dynamic Constraints |       Work      
Src  Proc. InQueue |  Leaves   Expl. | BestBound       BestSol              Gap |   Cuts   InLp Confl. | LpIters     Time

      7335     498      2415  73.62%   1601360.499449  1602313.466129     0.06%     4690    242   9841     2354k  2181.5s
      7366     497      2425  73.72%   1601371.690211  1602313.466129     0.06%     4699    250  10092     2362k  2188.6s
      7377     494      2431  73.81%   1601371.690211  1602313.466129     0.06%     4753    238  10008     2366k  2194.0s
      7405     484      2448  74.02%   1601377.420626  1602313.466129     0.06%     5241    247  10208     2377k  2200.3s
      7426     465      2464  74.03%   1601379.069713  1602313.466129     0.06%     5097    318  10045     2388k  2207.2s
      7439     458      2471  74.81%   1601384.110779  1602313.466129     0.06%     5287    288  10019     2399k  2214.3s
      7456     453      2479  74.86%   1601384.110779  1602313.466129     0.06%     5260    275   9880     2406k  2219.5s
      7479     444      2492  74.87%   1601397.516128  1602313.466129     0.06%     5052    301  10147     2417k  2225.9s
      7519     445      2505  74.87%   1601425.684896  1602313.466129     0.06%     4576    245   9760     2425k  2232.3s
      7553     446      2516  74.87%   1601426.073837  1602313.466129     0.06%     4401    201   9913     2431k  2237.7s
      7580     441      2528  74.92%   1601436.482986  1602313.466129     0.05%     3944    266   9673     2441k  2245.7s
      7602     437      2538  74.92%   1601441.94141   1602313.466129     0.05%     4311    298  10037     2448k  2250.9s
      7624     431      2549  74.92%   1601450.455532  1602313.466129     0.05%     4322    330   9707     2458k  2256.1s
      7656     418      2567  74.95%   1601467.395971  1602313.466129     0.05%     4497    261   9850     2469k  2262.0s
      7668     411      2574  75.15%   1601476.347867  1602313.466129     0.05%     4797    276   9823     2479k  2267.3s
      7695     398      2589  75.15%   1601482.944939  1602313.466129     0.05%     4753    296   9797     2492k  2273.6s
      7729     384      2610  75.61%   1601494.217882  1602313.466129     0.05%     4741    318   9849     2505k  2279.2s
      7745     372      2618  75.63%   1601494.524399  1602313.466129     0.05%     5104    308   9934     2514k  2284.3s
      7766     360      2631  76.27%   1601495.457491  1602313.466129     0.05%     5160    352   9722     2526k  2289.9s
      7799     362      2642  76.29%   1601496.831318  1602313.466129     0.05%     5352    290   9801     2534k  2295.8s

        Nodes      |    B&B Tree     |            Objective Bounds              |  Dynamic Constraints |       Work      
Src  Proc. InQueue |  Leaves   Expl. | BestBound       BestSol              Gap |   Cuts   InLp Confl. | LpIters     Time

      7818     355      2653  76.29%   1601498.695208  1602313.466129     0.05%     5515    284   9589     2543k  2300.8s
      7838     338      2669  76.29%   1601501.683131  1602313.466129     0.05%     5421    284   9823     2553k  2305.9s
      7876     304      2705  76.30%   1601511.214912  1602313.466129     0.05%     5420    289   9756     2570k  2311.4s
      7895     292      2719  76.46%   1601512.418017  1602313.466129     0.05%     5566    330   9662     2584k  2317.0s
      7906     285      2726  77.25%   1601516.726931  1602313.466129     0.05%     5450    270   9941     2593k  2322.0s
      7939     278      2742  78.91%   1601531.027427  1602313.466129     0.05%     5710    240   9537     2605k  2327.1s
      7950     271      2747  79.00%   1601531.463895  1602313.466129     0.05%     5788    335   9745     2614k  2332.9s
      7970     258      2759  79.01%   1601554.124668  1602313.466129     0.05%     5565    260   9744     2624k  2338.5s
      7989     254      2767  79.20%   1601566.521579  1602313.466129     0.05%     5759    238   9842     2632k  2343.6s
      8009     242      2778  79.20%   1601566.641503  1602313.466129     0.05%     5566    270  10013     2641k  2349.1s
      8024     231      2790  81.60%   1601569.888614  1602313.466129     0.05%     5218    277   9952     2649k  2354.2s
      8042     231      2797  81.60%   1601576.368194  1602313.466129     0.05%     4737    231   9992     2656k  2359.6s
      8055     228      2802  81.60%   1601577.446022  1602313.466129     0.05%     4683    382   9975     2662k  2364.9s
      8081     228      2812  81.60%   1601577.446022  1602313.466129     0.05%     4338    245   9976     2670k  2371.2s
      8092     223      2815  81.62%   1601579.822146  1602313.466129     0.05%     4701    333   9764     2677k  2376.4s
      8106     218      2819  81.63%   1601588.057893  1602313.466129     0.05%     4763    347   9803     2683k  2381.8s
      8114     219      2821  81.63%   1601588.057893  1602313.466129     0.05%     5186    266  10040     2692k  2387.7s
      8149     216      2835  82.41%   1601598.522863  1602313.466129     0.04%     5128    220   9907     2702k  2392.8s
      8164     209      2842  82.42%   1601618.367847  1602313.466129     0.04%     5329    316   9929     2712k  2399.1s
      8177     204      2847  83.01%   1601618.983413  1602313.466129     0.04%     5425    324  10086     2722k  2405.3s

        Nodes      |    B&B Tree     |            Objective Bounds              |  Dynamic Constraints |       Work      
Src  Proc. InQueue |  Leaves   Expl. | BestBound       BestSol              Gap |   Cuts   InLp Confl. | LpIters     Time

      8191     196      2856  83.40%   1601625.961968  1602313.466129     0.04%     5294    294  10096     2730k  2410.5s
      8211     182      2869  83.41%   1601635.405216  1602313.466129     0.04%     5066    288   9784     2740k  2415.5s
      8247     181      2880  83.41%   1601638.784752  1602313.466129     0.04%     4681    226  10006     2746k  2422.2s
      8271     178      2888  83.41%   1601639.844878  1602313.466129     0.04%     4490    228   9891     2752k  2427.6s
      8281     175      2891  83.41%   1601648.616386  1602313.466129     0.04%     4366    282  10020     2759k  2432.6s
      8301     179      2896  83.41%   1601648.616386  1602313.466129     0.04%     4136    239   9819     2770k  2438.5s
      8327     179      2903  83.80%   1601654.386033  1602313.466129     0.04%     4087    238  10089     2777k  2443.6s
      8353     177      2914  83.80%   1601654.386033  1602313.466129     0.04%     4032    242   9717     2784k  2449.5s
      8376     176      2923  83.80%   1601657.673935  1602313.466129     0.04%     4061    229   9865     2791k  2454.5s
      8412     168      2939  84.19%   1601661.325768  1602313.466129     0.04%     3776    270   9750     2801k  2460.9s
      8431     177      2943  84.39%   1601665.016343  1602313.466129     0.04%     3613    314   9972     2806k  2467.4s
      8446     173      2947  84.49%   1601682.984022  1602313.466129     0.04%     4059    282   9978     2812k  2472.5s
      8457     173      2949  84.49%   1601682.984022  1602313.466129     0.04%     4299    212  10034     2816k  2477.6s
      8476     173      2955  87.61%   1601685.461452  1602313.466129     0.04%     4459    250   9986     2823k  2483.0s
      8494     169      2962  87.61%   1601698.983065  1602313.466129     0.04%     4710    293   9758     2830k  2488.6s
      8511     169      2967  87.61%   1601698.983065  1602313.466129     0.04%     4936    340   9755     2836k  2493.6s
      8539     168      2977  87.61%   1601704.727156  1602313.466129     0.04%     4670    234   9839     2842k  2499.2s
      8558     166      2984  89.76%   1601734.439218  1602313.466129     0.04%     4784    335  10044     2849k  2504.9s
      8584     162      2995  89.77%   1601738.099465  1602313.466129     0.04%     4893    328  10095     2857k  2512.2s
      8604     158      3004  89.77%   1601738.099465  1602313.466129     0.04%     4735    258   9960     2863k  2517.3s

        Nodes      |    B&B Tree     |            Objective Bounds              |  Dynamic Constraints |       Work      
Src  Proc. InQueue |  Leaves   Expl. | BestBound       BestSol              Gap |   Cuts   InLp Confl. | LpIters     Time

      8620     158      3008  89.80%   1601762.767354  1602313.466129     0.03%     5018    218   9887     2869k  2523.4s
      8629     153      3013  89.86%   1601762.767354  1602313.466129     0.03%     4962    328  10047     2877k  2529.3s
      8649     145      3023  90.03%   1601766.158909  1602313.466129     0.03%     4702    252  10206     2884k  2535.0s
      8663     137      3029  90.04%   1601774.407234  1602313.466129     0.03%     4573    273   9945     2892k  2541.0s
      8698     139      3040  90.04%   1601788.505762  1602313.466129     0.03%     4282    253   9788     2899k  2547.0s
      8717     131      3046  90.11%   1601811.004271  1602313.466129     0.03%     4170    259   9855     2906k  2552.3s
      8732     127      3052  90.36%   1601815.857593  1602313.466129     0.03%     4274    294   9936     2911k  2557.8s
      8753     121      3059  90.59%   1601818.519959  1602313.466129     0.03%     3984    277  10084     2917k  2563.4s
      8772     118      3066  90.59%   1601821.913272  1602313.466129     0.03%     4022    265   9954     2923k  2569.3s
      8789     115      3071  90.60%   1601826.223751  1602313.466129     0.03%     4047    272  10039     2929k  2575.5s
      8801     113      3075  90.60%   1601826.223751  1602313.466129     0.03%     4053    242   9946     2932k  2581.5s
      8817     109      3081  90.60%   1601843.461865  1602313.466129     0.03%     4176    277   9925     2938k  2586.8s
      8845     115      3087  90.60%   1601852.598657  1602313.466129     0.03%     4213    262   9871     2944k  2591.9s
      8873     117      3097  90.60%   1601852.598657  1602313.466129     0.03%     4251    272   9883     2948k  2597.1s
      8902     115      3107  90.60%   1601890.271647  1602313.466129     0.03%     4180    254   9884     2953k  2602.7s
      8918     109      3116  90.64%   1601907.504065  1602313.466129     0.03%     4076    347   9865     2960k  2608.7s
      8936     110      3121  91.42%   1601922.749099  1602313.466129     0.02%     4044    318   9797     2964k  2613.9s
      8970     109      3135  91.42%   1601922.749099  1602313.466129     0.02%     3984    339   9928     2971k  2621.0s
      8993     109      3141  91.42%   1601922.910766  1602313.466129     0.02%     4104    297   9714     2977k  2626.2s
      9002     110      3143  91.42%   1601922.910766  1602313.466129     0.02%     4257    347  10015     2984k  2631.3s

        Nodes      |    B&B Tree     |            Objective Bounds              |  Dynamic Constraints |       Work      
Src  Proc. InQueue |  Leaves   Expl. | BestBound       BestSol              Gap |   Cuts   InLp Confl. | LpIters     Time

      9026     109      3151  91.42%   1601922.910766  1602313.466129     0.02%     4137    294   9998     2990k  2636.6s
      9039     108      3155  91.42%   1601922.910766  1602313.466129     0.02%     3769    308   9929     2995k  2642.4s
      9058     106      3161  91.42%   1601922.910766  1602313.466129     0.02%     3338    261   9904     2999k  2647.5s
      9077     108      3166  91.42%   1601922.910766  1602313.466129     0.02%     3624    233  10041     3005k  2652.5s
      9110      97      3181  91.43%   1601925.508744  1602313.466129     0.02%     3980    267  10038     3016k  2660.9s
      9137      93      3191  91.45%   1601925.508744  1602313.466129     0.02%     4441    280   9873     3025k  2666.8s
      9157      82      3202  92.34%   1601928.611488  1602313.466129     0.02%     4669    290   9992     3034k  2673.3s
      9190      93      3208  92.34%   1601928.611488  1602313.466129     0.02%     4671    283  10045     3040k  2678.7s
      9208      88      3215  92.34%   1601928.611488  1602313.466129     0.02%     4889    318   9952     3047k  2683.8s
      9233      90      3221  92.34%   1601929.690795  1602313.466129     0.02%     4593    248   9966     3052k  2689.2s
      9247      87      3226  92.54%   1601929.690795  1602313.466129     0.02%     4119    251   9845     3057k  2694.2s
      9258      86      3228  92.54%   1601929.690795  1602313.466129     0.02%     4161    315   9874     3062k  2699.9s
      9287      97      3233  92.58%   1601929.690795  1602313.466129     0.02%     4253    278  10008     3068k  2704.9s
      9305      84      3242  92.70%   1601929.690795  1602313.466129     0.02%     4203    243   9865     3075k  2710.7s
      9348      90      3252  92.72%   1601935.212796  1602313.466129     0.02%     3956    227  10030     3081k  2716.3s
      9379      85      3261  92.75%   1601938.07152   1602313.466129     0.02%     3779    266   9888     3087k  2721.5s
      9399      85      3266  92.78%   1601939.373573  1602313.466129     0.02%     3796    208   9950     3093k  2726.6s
      9437      77      3284  92.92%   1601943.731423  1602313.466129     0.02%     4079    232   9852     3105k  2733.4s
      9458      71      3294  93.21%   1601943.731423  1602313.466129     0.02%     4307    274   9931     3113k  2739.5s
      9476      66      3300  96.39%   1601950.972215  1602313.466129     0.02%     4443    235   9840     3120k  2745.1s

        Nodes      |    B&B Tree     |            Objective Bounds              |  Dynamic Constraints |       Work      
Src  Proc. InQueue |  Leaves   Expl. | BestBound       BestSol              Gap |   Cuts   InLp Confl. | LpIters     Time

      9506      66      3311  96.39%   1601950.972215  1602313.466129     0.02%     4781    295   9833     3125k  2750.1s
      9526      64      3314  96.43%   1601952.428857  1602313.466129     0.02%     4643    250   9797     3132k  2755.6s
      9548      62      3323  96.45%   1601952.505251  1602313.466129     0.02%     4637    221  10000     3138k  2761.9s
      9573      47      3338  97.24%   1601958.101962  1602313.466129     0.02%     4973    343   9981     3148k  2767.9s
      9583      41      3342  97.25%   1601960.238512  1602313.466129     0.02%     5046    327   9979     3155k  2773.2s
      9609      31      3356  99.20%   1601971.466073  1602313.466129     0.02%     5090    279   9896     3164k  2778.6s
      9630      30      3362  99.40%   1601975.675523  1602313.466129     0.02%     4862    255  10021     3170k  2786.0s
      9655      28      3371  99.40%   1601975.675523  1602313.466129     0.02%     4138    275   9999     3174k  2791.1s
      9676      26      3378  99.40%   1601996.358867  1602313.466129     0.02%     3722    264   9995     3179k  2796.6s
      9696      22      3386  99.50%   1601996.358867  1602313.466129     0.02%     3400    234   9797     3184k  2801.6s
      9723      22      3396  99.89%   1602009.803261  1602313.466129     0.02%     3705    249   9536     3188k  2806.6s
      9745      19      3405  99.94%   1602027.463574  1602313.466129     0.02%     4226    298   9482     3194k  2813.4s
      9763      15      3412 100.00%   1602042.721138  1602313.466129     0.02%     4364    330   9514     3200k  2818.8s
      9786       7      3422 100.00%   1602049.376644  1602313.466129     0.02%     4932    325   9727     3206k  2824.2s
      9811       8      3429 100.00%   1602049.376644  1602313.466129     0.02%     4989    225   9589     3211k  2829.7s
      9830       1      3436 100.00%   1602144.710553  1602313.466129     0.01%     5166    344   9534     3217k  2835.3s
      9832       0      3437 100.00%   1602153.235819  1602313.466129     0.01%     5150    360   9552     3218k  2836.1s

Solving report
  Status            Optimal
  Primal bound      1602313.46613
  Dual bound        1602153.23582
  Gap               0.01% (tolerance: 0.01%)
  P-D integral      3.14597349915
  Solution status   feasible
                    1602313.46613 (objective)
                    0 (bound viol.)
                    2.71059362922e-11 (int. viol.)
                    0 (row viol.)
  Timing            2836.12
  Max sub-MIP depth 7
  Nodes             9832
  Repair LPs        0
  LP iterations     3218017
                    777478 (strong br.)
                    269183 (separation)
                    300658 (heuristics)
Objective value = 1602313.47
Solve time      = 2836.76 s
Final SOC       = 20.00 %
Run saved to    -> C:\Users\bulve\OneDrive\master\model\runs\2026-05-04_142703_operational_6day_model_soc60_no_terminal_cstart_1000g
